#
# There is insufficient memory for the Java Runtime Environment to continue.
# Native memory allocation (mmap) failed to map 134217728 bytes for Failed to commit area from 0x0000000081e00000 to 0x0000000089e00000 of length 134217728.
# Possible reasons:
#   The system is out of physical RAM or swap space
#   The process is running with CompressedOops enabled, and the Java Heap may be blocking the growth of the native heap
# Possible solutions:
#   Reduce memory load on the system
#   Increase physical memory or swap space
#   Check if swap backing store is full
#   Decrease Java heap size (-Xmx/-Xms)
#   Decrease number of Java threads
#   Decrease Java thread stack sizes (-Xss)
#   Set larger code cache with -XX:ReservedCodeCacheSize=
# This output file may be truncated or incomplete.
#
#  Out of Memory Error (t:/workspace/open/src/hotspot/os/windows/os_windows.cpp:3301), pid=4296, tid=2584
#
# JRE version:  (13.0.2+8) (build )
# Java VM: Java HotSpot(TM) 64-Bit Server VM (13.0.2+8, mixed mode, aot, sharing, tiered, compressed oops, g1 gc, windows-amd64)
# No core dump will be written. Minidumps are not enabled by default on client versions of Windows
#

---------------  S U M M A R Y ------------

Command Line: -Dfile.encoding=Cp1252 aplicacao.Programa

Host: Intel(R) Core(TM) i3-3110M CPU @ 2.40GHz, 4 cores, 7G,  Windows 10 , 64 bit Build 18362 (10.0.18362.1)
Time: Wed Mar 18 00:53:10 2020 E. South America Standard Time elapsed time: 0 seconds (0d 0h 0m 0s)

---------------  T H R E A D  ---------------

Current thread (0x000001f7e63ae000):  JavaThread "Unknown thread" [_thread_in_vm, id=2584, stack(0x0000003bf0500000,0x0000003bf0600000)]

Stack: [0x0000003bf0500000,0x0000003bf0600000]
Native frames: (J=compiled Java code, j=interpreted, Vv=VM code, C=native code)
V  [jvm.dll+0x624f9a]
V  [jvm.dll+0x770cfa]
V  [jvm.dll+0x7724af]
V  [jvm.dll+0x772ab3]
V  [jvm.dll+0x24bf08]
V  [jvm.dll+0x6222aa]
V  [jvm.dll+0x6170b5]
V  [jvm.dll+0x30a88c]
V  [jvm.dll+0x30a6c2]
V  [jvm.dll+0x30fe36]
V  [jvm.dll+0x353f46]
V  [jvm.dll+0x353720]
V  [jvm.dll+0x2e550a]
V  [jvm.dll+0x2e67a2]
V  [jvm.dll+0x74dd78]
V  [jvm.dll+0x361989]
V  [jvm.dll+0x730e65]
V  [jvm.dll+0x3cc53f]
V  [jvm.dll+0x3ce861]
C  [jli.dll+0x51ff]
C  [ucrtbase.dll+0x1d912]
C  [KERNEL32.DLL+0x17944]
C  [ntdll.dll+0x6ce71]


---------------  P R O C E S S  ---------------

Threads class SMR info:
_java_thread_list=0x00007ffdca90ccb8, length=0, elements={
}

Java Threads: ( => current thread )

Other Threads:
  0x000001f7e63f2000 GCTaskThread "GC Thread#0" [stack: 0x0000003bf0600000,0x0000003bf0700000] [id=8336]
  0x000001f7e6404800 ConcurrentGCThread "G1 Main Marker" [stack: 0x0000003bf0700000,0x0000003bf0800000] [id=6152]
  0x000001f7e6406000 ConcurrentGCThread "G1 Conc#0" [stack: 0x0000003bf0800000,0x0000003bf0900000] [id=5188]

[error occurred during error reporting (printing all threads), id 0xc0000005, EXCEPTION_ACCESS_VIOLATION (0xc0000005) at pc=0x00007ffdca1451d7]

VM state:not at safepoint (not fully initialized)

VM Mutex/Monitor currently owned by a thread:  ([mutex/lock_event])
[0x000001f7e63ab860] Heap_lock - owner thread: 0x000001f7e63ae000

Heap address: 0x0000000081e00000, size: 2018 MB, Compressed Oops mode: Non-zero based: 0x0000000081e00000
Narrow klass base: 0x0000000000000000, Narrow klass shift: 0

GC Heap History (0 events):
No events

Deoptimization events (0 events):
No events

Classes unloaded (0 events):
No events

Classes redefined (0 events):
No events

Internal exceptions (0 events):
No events

Events (8 events):
Event: 0.012 Loaded shared library C:\Program Files\Java\jdk-13.0.2\bin\zip.dll
Event: 0.013 Loaded shared library C:\Program Files\Java\jdk-13.0.2\bin\jimage.dll
Event: 0.015 Loading shared library C:\Program Files\Java\jdk-13.0.2\lib\libjava.base-coop.dll failed, error code 126
Event: 0.015 Loading shared library C:\Program Files\Java\jdk-13.0.2\lib\libjava.logging-coop.dll failed, error code 126
Event: 0.016 Loading shared library C:\Program Files\Java\jdk-13.0.2\lib\libjdk.compiler-coop.dll failed, error code 126
Event: 0.016 Loading shared library C:\Program Files\Java\jdk-13.0.2\lib\libjdk.scripting.nashorn-coop.dll failed, error code 126
Event: 0.016 Loading shared library C:\Program Files\Java\jdk-13.0.2\lib\libjdk.internal.vm.ci-coop.dll failed, error code 126
Event: 0.016 Loading shared library C:\Program Files\Java\jdk-13.0.2\lib\libjdk.internal.vm.compiler-coop.dll failed, error code 126


Dynamic libraries:
0x00007ff700000000 - 0x00007ff70000f000 	C:\Program Files\Java\jdk-13.0.2\bin\javaw.exe
0x00007ffe0fc80000 - 0x00007ffe0fe70000 	C:\Windows\SYSTEM32\ntdll.dll
0x00007ffe06fd0000 - 0x00007ffe06fe5000 	C:\Program Files\AVAST Software\Avast\aswhook.dll
0x00007ffe0dda0000 - 0x00007ffe0de52000 	C:\Windows\System32\KERNEL32.DLL
0x00007ffe0d9e0000 - 0x00007ffe0dc82000 	C:\Windows\System32\KERNELBASE.dll
0x00007ffe0d6e0000 - 0x00007ffe0d7da000 	C:\Windows\System32\ucrtbase.dll
0x00007ffdf6b00000 - 0x00007ffdf6b18000 	C:\Program Files\Java\jdk-13.0.2\bin\jli.dll
0x00007ffe0ed00000 - 0x00007ffe0eda3000 	C:\Windows\System32\ADVAPI32.dll
0x00007ffe0f680000 - 0x00007ffe0f71e000 	C:\Windows\System32\msvcrt.dll
0x00007ffe0ded0000 - 0x00007ffe0df67000 	C:\Windows\System32\sechost.dll
0x00007ffe0f2e0000 - 0x00007ffe0f400000 	C:\Windows\System32\RPCRT4.dll
0x00007ffe0eab0000 - 0x00007ffe0ec43000 	C:\Windows\System32\USER32.dll
0x00007ffe0d9b0000 - 0x00007ffe0d9d1000 	C:\Windows\System32\win32u.dll
0x00007ffe0e170000 - 0x00007ffe0e196000 	C:\Windows\System32\GDI32.dll
0x00007ffe0d540000 - 0x00007ffe0d6d4000 	C:\Windows\System32\gdi32full.dll
0x00007ffe0d410000 - 0x00007ffe0d4ae000 	C:\Windows\System32\msvcp_win.dll
0x00007ffdf56e0000 - 0x00007ffdf56f5000 	C:\Program Files\Java\jdk-13.0.2\bin\VCRUNTIME140.dll
0x00007ffdfc5f0000 - 0x00007ffdfc875000 	C:\Windows\WinSxS\amd64_microsoft.windows.common-controls_6595b64144ccf1df_6.0.18362.30_none_a1435978519dce7f\COMCTL32.dll
0x00007ffe0efa0000 - 0x00007ffe0f2d6000 	C:\Windows\System32\combase.dll
0x00007ffe0d4b0000 - 0x00007ffe0d531000 	C:\Windows\System32\bcryptPrimitives.dll
0x00007ffe088d0000 - 0x00007ffe088da000 	C:\Windows\SYSTEM32\VERSION.dll
0x00007ffe0ecd0000 - 0x00007ffe0ecfe000 	C:\Windows\System32\IMM32.DLL
0x00007ffde5630000 - 0x00007ffde56cb000 	C:\Program Files\Java\jdk-13.0.2\bin\msvcp140.dll
0x00007ffdc9e50000 - 0x00007ffdca9ad000 	C:\Program Files\Java\jdk-13.0.2\bin\server\jvm.dll
0x00007ffe0e040000 - 0x00007ffe0e048000 	C:\Windows\System32\PSAPI.DLL
0x00007ffe00130000 - 0x00007ffe00139000 	C:\Windows\SYSTEM32\WSOCK32.dll
0x00007ffe0e100000 - 0x00007ffe0e16f000 	C:\Windows\System32\WS2_32.dll
0x00007ffe0a6c0000 - 0x00007ffe0a6e4000 	C:\Windows\SYSTEM32\WINMM.dll
0x00007ffe0a690000 - 0x00007ffe0a6bd000 	C:\Windows\SYSTEM32\WINMMBASE.dll
0x00007ffe0d960000 - 0x00007ffe0d9aa000 	C:\Windows\System32\cfgmgr32.dll
0x00007ffe0cbf0000 - 0x00007ffe0cc01000 	C:\Windows\System32\kernel.appcore.dll
0x00007ffe094e0000 - 0x00007ffe094f0000 	C:\Program Files\Java\jdk-13.0.2\bin\verify.dll
0x00007ffe07fa0000 - 0x00007ffe08194000 	C:\Windows\SYSTEM32\DBGHELP.DLL
0x00007ffe07f70000 - 0x00007ffe07f9a000 	C:\Windows\SYSTEM32\dbgcore.DLL
0x00007ffdf6f30000 - 0x00007ffdf6f56000 	C:\Program Files\Java\jdk-13.0.2\bin\java.dll
0x00007ffe09460000 - 0x00007ffe09477000 	C:\Program Files\Java\jdk-13.0.2\bin\zip.dll
0x00007ffe09400000 - 0x00007ffe0940a000 	C:\Program Files\Java\jdk-13.0.2\bin\jimage.dll

dbghelp: loaded successfully - version: 4.0.5 - missing functions: none
symbol engine: initialized successfully - sym options: 0x614 - pdb path: .;C:\Program Files\Java\jdk-13.0.2\bin;C:\Windows\SYSTEM32;C:\Program Files\AVAST Software\Avast;C:\Windows\WinSxS\amd64_microsoft.windows.common-controls_6595b64144ccf1df_6.0.18362.30_none_a1435978519dce7f;C:\Program Files\Java\jdk-13.0.2\bin\server

VM Arguments:
jvm_args: -Dfile.encoding=Cp1252 
java_command: aplicacao.Programa
java_class_path (initial): C:\Users\Tiago\eclipse-workspace\Professores e Alunos Universidade\bin
Launcher Type: SUN_STANDARD

[Global flags]
     intx CICompilerCount                          = 3                                         {product} {ergonomic}
     uint ConcGCThreads                            = 1                                         {product} {ergonomic}
     uint G1ConcRefinementThreads                  = 4                                         {product} {ergonomic}
   size_t G1HeapRegionSize                         = 1048576                                   {product} {ergonomic}
    uintx GCDrainStackTargetSize                   = 64                                        {product} {ergonomic}
   size_t InitialHeapSize                          = 134217728                                 {product} {ergonomic}
   size_t MarkStackSize                            = 4194304                                   {product} {ergonomic}
   size_t MaxHeapSize                              = 2116026368                                {product} {ergonomic}
   size_t MinHeapDeltaBytes                        = 1048576                                   {product} {ergonomic}
   size_t MinHeapSize                              = 8388608                                   {product} {ergonomic}
    uintx NonNMethodCodeHeapSize                   = 5832780                                {pd product} {ergonomic}
    uintx NonProfiledCodeHeapSize                  = 122912730                              {pd product} {ergonomic}
    uintx ProfiledCodeHeapSize                     = 122912730                              {pd product} {ergonomic}
    uintx ReservedCodeCacheSize                    = 251658240                              {pd product} {ergonomic}
     bool SegmentedCodeCache                       = true                                      {product} {ergonomic}
   size_t SoftMaxHeapSize                          = 2116026368                             {manageable} {ergonomic}
     bool UseCompressedClassPointers               = true                                 {lp64_product} {ergonomic}
     bool UseCompressedOops                        = true                                 {lp64_product} {ergonomic}
     bool UseG1GC                                  = true                                      {product} {ergonomic}
     bool UseLargePagesIndividualAllocation        = false                                  {pd product} {ergonomic}

Logging:
Log output configuration:
 #0: stdout all=warning uptime,level,tags
 #1: stderr all=off uptime,level,tags

Environment Variables:
PATH=C:/Program Files/Java/jdk-13.0.2/bin/server;C:/Program Files/Java/jdk-13.0.2/bin;C:\ProgramData\Oracle\Java\javapath;C:\Windows\system32;C:\Windows;C:\Windows\System32\Wbem;C:\Windows\System32\WindowsPowerShell\v1.0\;C:\Windows\System32\OpenSSH\;C:\Program Files\Java\jdk-13.0.1\bin;C:\Program Files\Git\cmd;C:\Users\Tiago\AppData\Local\Microsoft\WindowsApps;E:\Desktop;
USERNAME=Tiago
OS=Windows_NT
PROCESSOR_IDENTIFIER=Intel64 Family 6 Model 58 Stepping 9, GenuineIntel



---------------  S Y S T E M  ---------------

OS: Windows 10 , 64 bit Build 18362 (10.0.18362.1)

CPU:total 4 (initial active 4) (2 cores per cpu, 2 threads per core) family 6 model 58 stepping 9, cmov, cx8, fxsr, mmx, sse, sse2, sse3, ssse3, sse4.1, sse4.2, popcnt, avx, clmul, erms, ht, tsc, tscinvbit, tscinv

Memory: 4k page, system-wide physical 8065M (2245M free)
TotalPageFile size 8065M (AvailPageFile size 131M)
current process WorkingSet (physical memory assigned to process): 10M, peak: 10M
current process commit charge ("private bytes"): 52M, peak: 180M

vm_info: Java HotSpot(TM) 64-Bit Server VM (13.0.2+8) for windows-amd64 JRE (13.0.2+8), built on Dec 11 2019 09:20:33 by "mach5one" with unknown MS VC++:1916

END.
