#
# There is insufficient memory for the Java Runtime Environment to continue.
# Native memory allocation (mmap) failed to map 134217728 bytes for Failed to commit area from 0x0000000081e00000 to 0x0000000089e00000 of length 134217728.
# Possible reasons:
#   The system is out of physical RAM or swap space
#   The process is running with CompressedOops enabled, and the Java Heap may be blocking the growth of the native heap
# Possible solutions:
#   Reduce memory load on the system
#   Increase physical memory or swap space
#   Check if swap backing store is full
#   Decrease Java heap size (-Xmx/-Xms)
#   Decrease number of Java threads
#   Decrease Java thread stack sizes (-Xss)
#   Set larger code cache with -XX:ReservedCodeCacheSize=
# This output file may be truncated or incomplete.
#
#  Out of Memory Error (t:/workspace/open/src/hotspot/os/windows/os_windows.cpp:3301), pid=7008, tid=11492
#
# JRE version:  (13.0.2+8) (build )
# Java VM: Java HotSpot(TM) 64-Bit Server VM (13.0.2+8, mixed mode, aot, sharing, tiered, compressed oops, g1 gc, windows-amd64)
# No core dump will be written. Minidumps are not enabled by default on client versions of Windows
#

---------------  S U M M A R Y ------------

Command Line: -Dfile.encoding=Cp1252 aplicacao.Programa

Host: Intel(R) Core(TM) i3-3110M CPU @ 2.40GHz, 4 cores, 7G,  Windows 10 , 64 bit Build 18362 (10.0.18362.1)
Time: Sun Mar 15 14:04:38 2020 E. South America Standard Time elapsed time: 0 seconds (0d 0h 0m 0s)

---------------  T H R E A D  ---------------

Current thread (0x0000023a4a42e000):  JavaThread "Unknown thread" [_thread_in_vm, id=11492, stack(0x0000005aa9b00000,0x0000005aa9c00000)]

Stack: [0x0000005aa9b00000,0x0000005aa9c00000]
Native frames: (J=compiled Java code, j=interpreted, Vv=VM code, C=native code)
V  [jvm.dll+0x624f9a]
V  [jvm.dll+0x770cfa]
V  [jvm.dll+0x7724af]
V  [jvm.dll+0x772ab3]
V  [jvm.dll+0x24bf08]
V  [jvm.dll+0x6222aa]
V  [jvm.dll+0x6170b5]
V  [jvm.dll+0x30a88c]
V  [jvm.dll+0x30a6c2]
V  [jvm.dll+0x30fe36]
V  [jvm.dll+0x353f46]
V  [jvm.dll+0x353720]
V  [jvm.dll+0x2e550a]
V  [jvm.dll+0x2e67a2]
V  [jvm.dll+0x74dd78]
V  [jvm.dll+0x361989]
V  [jvm.dll+0x730e65]
V  [jvm.dll+0x3cc53f]
V  [jvm.dll+0x3ce861]
C  [jli.dll+0x51ff]
C  [ucrtbase.dll+0x1d912]
C  [KERNEL32.DLL+0x17944]
C  [ntdll.dll+0x6ce71]


---------------  P R O C E S S  ---------------

Threads class SMR info:
_java_thread_list=0x00007ff96420ccb8, length=0, elements={
}

Java Threads: ( => current thread )

Other Threads:
  0x0000023a4a472000 GCTaskThread "GC Thread#0" [stack: 0x0000005aa9c00000,0x0000005aa9d00000] [id=808]
  0x0000023a4a484800 ConcurrentGCThread "G1 Main Marker" [stack: 0x0000005aa9d00000,0x0000005aa9e00000] [id=2112]
  0x0000023a4a486000 ConcurrentGCThread "G1 Conc#0" [stack: 0x0000005aa9e00000,0x0000005aa9f00000] [id=1152]

[error occurred during error reporting (printing all threads), id 0xc0000005, EXCEPTION_ACCESS_VIOLATION (0xc0000005) at pc=0x00007ff963a451d7]

VM state:not at safepoint (not fully initialized)

VM Mutex/Monitor currently owned by a thread:  ([mutex/lock_event])
[0x0000023a4a42a810] Heap_lock - owner thread: 0x0000023a4a42e000

Heap address: 0x0000000081e00000, size: 2018 MB, Compressed Oops mode: Non-zero based: 0x0000000081e00000
Narrow klass base: 0x0000000000000000, Narrow klass shift: 0

GC Heap History (0 events):
No events

Deoptimization events (0 events):
No events

Classes unloaded (0 events):
No events

Classes redefined (0 events):
No events

Internal exceptions (0 events):
No events

Events (8 events):
Event: 0.012 Loaded shared library C:\Program Files\Java\jdk-13.0.2\bin\zip.dll
Event: 0.013 Loaded shared library C:\Program Files\Java\jdk-13.0.2\bin\jimage.dll
Event: 0.015 Loading shared library C:\Program Files\Java\jdk-13.0.2\lib\libjava.base-coop.dll failed, error code 126
Event: 0.015 Loading shared library C:\Program Files\Java\jdk-13.0.2\lib\libjava.logging-coop.dll failed, error code 126
Event: 0.015 Loading shared library C:\Program Files\Java\jdk-13.0.2\lib\libjdk.compiler-coop.dll failed, error code 126
Event: 0.015 Loading shared library C:\Program Files\Java\jdk-13.0.2\lib\libjdk.scripting.nashorn-coop.dll failed, error code 126
Event: 0.016 Loading shared library C:\Program Files\Java\jdk-13.0.2\lib\libjdk.internal.vm.ci-coop.dll failed, error code 126
Event: 0.016 Loading shared library C:\Program Files\Java\jdk-13.0.2\lib\libjdk.internal.vm.compiler-coop.dll failed, error code 126


Dynamic libraries:
0x00007ff715f40000 - 0x00007ff715f4f000 	C:\Program Files\Java\jdk-13.0.2\bin\javaw.exe
0x00007ff9a8740000 - 0x00007ff9a8930000 	C:\Windows\SYSTEM32\ntdll.dll
0x00007ff996510000 - 0x00007ff996525000 	C:\Program Files\AVAST Software\Avast\aswhook.dll
0x00007ff9a6c20000 - 0x00007ff9a6cd2000 	C:\Windows\System32\KERNEL32.DLL
0x00007ff9a5790000 - 0x00007ff9a5a32000 	C:\Windows\System32\KERNELBASE.dll
0x00007ff9a5cf0000 - 0x00007ff9a5dea000 	C:\Windows\System32\ucrtbase.dll
0x00007ff998130000 - 0x00007ff998148000 	C:\Program Files\Java\jdk-13.0.2\bin\jli.dll
0x00007ff9a73e0000 - 0x00007ff9a7483000 	C:\Windows\System32\ADVAPI32.dll
0x00007ff9a7dd0000 - 0x00007ff9a7e6e000 	C:\Windows\System32\msvcrt.dll
0x00007ff9a6b20000 - 0x00007ff9a6bb7000 	C:\Windows\System32\sechost.dll
0x00007ff9a69d0000 - 0x00007ff9a6af0000 	C:\Windows\System32\RPCRT4.dll
0x00007ff9a7fc0000 - 0x00007ff9a8153000 	C:\Windows\System32\USER32.dll
0x00007ff9a5e80000 - 0x00007ff9a5ea1000 	C:\Windows\System32\win32u.dll
0x00007ff9a7bf0000 - 0x00007ff9a7c16000 	C:\Windows\System32\GDI32.dll
0x00007ff9a5eb0000 - 0x00007ff9a6044000 	C:\Windows\System32\gdi32full.dll
0x00007ff9a56d0000 - 0x00007ff9a576e000 	C:\Windows\System32\msvcp_win.dll
0x00007ff9918d0000 - 0x00007ff9918e5000 	C:\Program Files\Java\jdk-13.0.2\bin\VCRUNTIME140.dll
0x00007ff996570000 - 0x00007ff9967f5000 	C:\Windows\WinSxS\amd64_microsoft.windows.common-controls_6595b64144ccf1df_6.0.18362.30_none_a1435978519dce7f\COMCTL32.dll
0x00007ff9a81e0000 - 0x00007ff9a8516000 	C:\Windows\System32\combase.dll
0x00007ff9a5df0000 - 0x00007ff9a5e71000 	C:\Windows\System32\bcryptPrimitives.dll
0x00007ff99ccc0000 - 0x00007ff99ccca000 	C:\Windows\SYSTEM32\VERSION.dll
0x00007ff9a6af0000 - 0x00007ff9a6b1e000 	C:\Windows\System32\IMM32.DLL
0x00007ff9826e0000 - 0x00007ff98277b000 	C:\Program Files\Java\jdk-13.0.2\bin\msvcp140.dll
0x00007ff963750000 - 0x00007ff9642ad000 	C:\Program Files\Java\jdk-13.0.2\bin\server\jvm.dll
0x00007ff9a7e70000 - 0x00007ff9a7e78000 	C:\Windows\System32\PSAPI.DLL
0x00007ff997a60000 - 0x00007ff997a69000 	C:\Windows\SYSTEM32\WSOCK32.dll
0x00007ff9a6960000 - 0x00007ff9a69cf000 	C:\Windows\System32\WS2_32.dll
0x00007ff9a3180000 - 0x00007ff9a31a4000 	C:\Windows\SYSTEM32\WINMM.dll
0x00007ff9a2f70000 - 0x00007ff9a2f9d000 	C:\Windows\SYSTEM32\WINMMBASE.dll
0x00007ff9a5ca0000 - 0x00007ff9a5cea000 	C:\Windows\System32\cfgmgr32.dll
0x00007ff9a56b0000 - 0x00007ff9a56c1000 	C:\Windows\System32\kernel.appcore.dll
0x00007ff9a1fd0000 - 0x00007ff9a1fe0000 	C:\Program Files\Java\jdk-13.0.2\bin\verify.dll
0x00007ff99c720000 - 0x00007ff99c914000 	C:\Windows\SYSTEM32\DBGHELP.DLL
0x00007ff99c6f0000 - 0x00007ff99c71a000 	C:\Windows\SYSTEM32\dbgcore.DLL
0x00007ff991980000 - 0x00007ff9919a6000 	C:\Program Files\Java\jdk-13.0.2\bin\java.dll
0x00007ff998ed0000 - 0x00007ff998ee7000 	C:\Program Files\Java\jdk-13.0.2\bin\zip.dll
0x00007ff9a1f50000 - 0x00007ff9a1f5a000 	C:\Program Files\Java\jdk-13.0.2\bin\jimage.dll

dbghelp: loaded successfully - version: 4.0.5 - missing functions: none
symbol engine: initialized successfully - sym options: 0x614 - pdb path: .;C:\Program Files\Java\jdk-13.0.2\bin;C:\Windows\SYSTEM32;C:\Program Files\AVAST Software\Avast;C:\Windows\WinSxS\amd64_microsoft.windows.common-controls_6595b64144ccf1df_6.0.18362.30_none_a1435978519dce7f;C:\Program Files\Java\jdk-13.0.2\bin\server

VM Arguments:
jvm_args: -Dfile.encoding=Cp1252 
java_command: aplicacao.Programa
java_class_path (initial): C:\Users\Tiago\eclipse-workspace\Professores e Alunos Universidade\bin
Launcher Type: SUN_STANDARD

[Global flags]
     intx CICompilerCount                          = 3                                         {product} {ergonomic}
     uint ConcGCThreads                            = 1                                         {product} {ergonomic}
     uint G1ConcRefinementThreads                  = 4                                         {product} {ergonomic}
   size_t G1HeapRegionSize                         = 1048576                                   {product} {ergonomic}
    uintx GCDrainStackTargetSize                   = 64                                        {product} {ergonomic}
   size_t InitialHeapSize                          = 134217728                                 {product} {ergonomic}
   size_t MarkStackSize                            = 4194304                                   {product} {ergonomic}
   size_t MaxHeapSize                              = 2116026368                                {product} {ergonomic}
   size_t MinHeapDeltaBytes                        = 1048576                                   {product} {ergonomic}
   size_t MinHeapSize                              = 8388608                                   {product} {ergonomic}
    uintx NonNMethodCodeHeapSize                   = 5832780                                {pd product} {ergonomic}
    uintx NonProfiledCodeHeapSize                  = 122912730                              {pd product} {ergonomic}
    uintx ProfiledCodeHeapSize                     = 122912730                              {pd product} {ergonomic}
    uintx ReservedCodeCacheSize                    = 251658240                              {pd product} {ergonomic}
     bool SegmentedCodeCache                       = true                                      {product} {ergonomic}
   size_t SoftMaxHeapSize                          = 2116026368                             {manageable} {ergonomic}
     bool UseCompressedClassPointers               = true                                 {lp64_product} {ergonomic}
     bool UseCompressedOops                        = true                                 {lp64_product} {ergonomic}
     bool UseG1GC                                  = true                                      {product} {ergonomic}
     bool UseLargePagesIndividualAllocation        = false                                  {pd product} {ergonomic}

Logging:
Log output configuration:
 #0: stdout all=warning uptime,level,tags
 #1: stderr all=off uptime,level,tags

Environment Variables:
PATH=C:/Program Files/Java/jdk-13.0.2/bin/server;C:/Program Files/Java/jdk-13.0.2/bin;C:\ProgramData\Oracle\Java\javapath;C:\Windows\system32;C:\Windows;C:\Windows\System32\Wbem;C:\Windows\System32\WindowsPowerShell\v1.0\;C:\Windows\System32\OpenSSH\;C:\Program Files\Java\jdk-13.0.1\bin;C:\Program Files\Git\cmd;C:\Users\Tiago\AppData\Local\Microsoft\WindowsApps;E:\Desktop;
USERNAME=Tiago
OS=Windows_NT
PROCESSOR_IDENTIFIER=Intel64 Family 6 Model 58 Stepping 9, GenuineIntel



---------------  S Y S T E M  ---------------

OS: Windows 10 , 64 bit Build 18362 (10.0.18362.1)

CPU:total 4 (initial active 4) (2 cores per cpu, 2 threads per core) family 6 model 58 stepping 9, cmov, cx8, fxsr, mmx, sse, sse2, sse3, ssse3, sse4.1, sse4.2, popcnt, avx, clmul, erms, ht, tsc, tscinvbit, tscinv

Memory: 4k page, system-wide physical 8065M (1430M free)
TotalPageFile size 8065M (AvailPageFile size 83M)
current process WorkingSet (physical memory assigned to process): 10M, peak: 10M
current process commit charge ("private bytes"): 52M, peak: 180M

vm_info: Java HotSpot(TM) 64-Bit Server VM (13.0.2+8) for windows-amd64 JRE (13.0.2+8), built on Dec 11 2019 09:20:33 by "mach5one" with unknown MS VC++:1916

END.
